<?xml version="1.0" encoding="UTF-8"?>
<testsuite xmlns:xsi="http://www.w3.org/2001/XMLSchema-instance" xsi:schemaLocation="https://maven.apache.org/surefire/maven-surefire-plugin/xsd/surefire-test-report.xsd" name="TestSuite" time="7.555" tests="1" errors="0" skipped="0" failures="1">
  <properties>
[...]
</properties>
  <testcase name="test" classname="com.functionaltests.DummyTest" time="0.121">
    <failure type="java.lang.NullPointerException">java.lang.NullPointerException
	at com.functionaltests.DummyTest.test(DummyTest.java:22)
</failure>
    <system-out><![CDATA[2016-07-10 15:40:03 INFO  ClassPathXmlApplicationContext:456 - Refreshing org.springframework.context.support.ClassPathXmlApplicationContext@c46bcd4: startup date [Sun Jul 10 15:40:03 IST 2016]; root of context hierarchy
2016-07-10 15:40:03 INFO  XmlBeanDefinitionReader:315 - Loading XML bean definitions from class path resource [ApplicationContext.xml]
2016-07-10 15:40:04 INFO  PropertyPlaceholderConfigurer:177 - Loading properties file from class path resource [appway.properties]
2016-07-10 15:40:04 INFO  PropertyPlaceholderConfigurer:177 - Loading properties file from class path resource [browser.win.properties]
2016-07-10 15:40:04 INFO  PropertyPlaceholderConfigurer:177 - Loading properties file from class path resource [config.properties]
2016-07-10 15:40:04 INFO  DefaultListableBeanFactory:555 - Pre-instantiating singletons in org.springframework.beans.factory.support.DefaultListableBeanFactory@192c3f1e: defining beans [org.springframework.context.annotation.internalConfigurationAnnotationProcessor,org.springframework.context.annotation.internalAutowiredAnnotationProcessor,org.springframework.context.annotation.internalRequiredAnnotationProcessor,org.springframework.context.annotation.internalCommonAnnotationProcessor,waitFactory,allProperties]; root of factory hierarchy
2016-07-10 15:40:09 INFO  DummyTest:20 - Test Started Now
]]></system-out>
  </testcase>
</testsuite>