-------------------------------------------------------------------------------
Test set: TestSuite
-------------------------------------------------------------------------------
Tests run: 1, Failures: 1, Errors: 0, Skipped: 0, Time elapsed: 7.555 sec <<< FAILURE! - in TestSuite
test(com.functionaltests.DummyTest)  Time elapsed: 0.121 sec  <<< FAILURE!
java.lang.NullPointerException
	at com.functionaltests.DummyTest.test(DummyTest.java:22)

