<?xml version="1.0" encoding="UTF-8"?>
<testng-results skipped="0" failed="0" total="1" passed="1">
  <reporter-output>
  </reporter-output>
  <suite name="Default suite" duration-ms="73664" started-at="2016-07-10T10:31:52Z" finished-at="2016-07-10T10:33:05Z">
    <groups>
    </groups>
    <test name="Default test" duration-ms="73664" started-at="2016-07-10T10:31:52Z" finished-at="2016-07-10T10:33:05Z">
      <class name="test.java.com.site.tests.functionaltests.DummyTest">
        <test-method status="PASS" signature="setApplicationContext()[pri:0, instance:com.functionaltests.DummyTest@4b553d26]" name="setApplicationContext" is-config="true" duration-ms="693" started-at="2016-07-10T16:01:51Z" finished-at="2016-07-10T16:01:52Z">
          <reporter-output>
          </reporter-output>
        </test-method> <!-- setApplicationContext -->
        <test-method status="PASS" signature="setUp()[pri:0, instance:com.functionaltests.DummyTest@4b553d26]" name="setUp" is-config="true" duration-ms="64996" started-at="2016-07-10T16:01:52Z" finished-at="2016-07-10T16:02:57Z">
          <reporter-output>
          </reporter-output>
        </test-method> <!-- setUp -->
        <test-method status="PASS" signature="test()[pri:0, instance:com.functionaltests.DummyTest@4b553d26]" name="test" duration-ms="8653" started-at="2016-07-10T16:02:57Z" finished-at="2016-07-10T16:03:05Z">
          <reporter-output>
          </reporter-output>
        </test-method> <!-- test -->
      </class> <!-- DummyTest -->
    </test> <!-- Default test -->
  </suite> <!-- Default suite -->
</testng-results>
